<?xml version="1.0" encoding="UTF-8"?>
<!-- Generated by org.testng.reporters.JUnitXMLReporter -->
<testsuite ignored="0" hostname="OMNIBOOK" failures="0" tests="4" name="Default test" time="10.86" errors="0" timestamp="2026-03-10T21:52:20 EDT">
  <testcase classname="testScript.LoginTest" name="verifyInvalidCredentials" time="0.463"/>
  <testcase classname="testScript.LoginTest" name="verifyInvalidUsernameValidPassword" time="0.402"/>
  <testcase classname="testScript.LoginTest" name="verifyUserLoginWithValidCreds" time="0.463"/>
  <testcase classname="testScript.LoginTest" name="verifyValidUsernameInvalidPassword" time="0.451"/>
</testsuite> <!-- Default test -->
