<?xml version="1.0" encoding="UTF-8"?>
<!-- Generated by org.testng.reporters.JUnitReportReporter -->
<testsuite hostname="OMNIBOOK" failures="0" tests="4" name="testScript.LoginTest" time="10.766" errors="0" timestamp="2026-03-10T21:52:21 EDT" skipped="0">
  <testcase classname="testScript.LoginTest" name="verifyInvalidCredentials" time="3.090"/>
  <testcase classname="testScript.LoginTest" name="verifyUserLoginWithValidCreds" time="2.852"/>
  <testcase classname="testScript.LoginTest" name="verifyInvalidUsernameValidPassword" time="2.391"/>
  <testcase classname="testScript.LoginTest" name="verifyValidUsernameInvalidPassword" time="2.433"/>
</testsuite> <!-- testScript.LoginTest -->
